training accuracy : 0.9248666666666666
training confusion matrix : [[5719    4   13   11   12   28   48   13   47   28]
 [   1 6595    7   38   18   20    9   14   26   14]
 [  21   41 5630   48   46   15   61   28   47   21]
 [  21   30   54 5589   49  149   26   40  103   70]
 [  15   19   43   33 5298   17   35   74   64  244]
 [  23   23   22  199   55 4851   54   19   70  105]
 [  23   23   30   12   37   51 5700    3   29   10]
 [   4   30   38   35  142   18    5 5726   30  237]
 [  32   46   59  126   56  108   36   43 5225  120]
 [  18   24   35   77  296   39   13  228   60 5159]]
test accuracy : 0.7943
test confusion matrix : [[ 848    1   28   11   10   24   21   10   19    8]
 [   0 1098    7    7    1    5    5    4    7    1]
 [  23   16  791   51   19   15   23   26   52   16]
 [  19   12   50  715   14   90    7   24   64   15]
 [   7    8   20   16  795    7   15   22   27   65]
 [  25    7   20   76   24  617   32    9   47   35]
 [  27    4   18   12   27   29  821    1   15    4]
 [   5    7   31   13   30    7    5  845   19   66]
 [  27    9   41   70   29   56   33   16  654   39]
 [   7   10   24   27   63   19    5   63   32  759]]
