training accuracy : 0.9028333333333334
training confusion matrix : [[5741    5   34   14   11   24   34   12   39    9]
 [   0 6623   23    5    7   25    7    2   34   16]
 [  32   32 5510   71   62   24   41   48  101   37]
 [  29   42   85 5319   25  309   26   42  169   85]
 [  17   23   38   15 5002   49   66  128   56  448]
 [  23   43   29  225   44 4796  104   17   72   68]
 [  29   17   41   24   44  105 5586    5   52   15]
 [   8   58   95   24  123   23   10 5565   36  323]
 [  24   57   94  162   67  103   73   46 5098  127]
 [  21   37   39   69  350   69   26  341   67 4930]]
test accuracy : 0.7816
test confusion matrix : [[ 864    5   18   14    9   23   23    2   15    7]
 [   2 1084   14    7    5    3    6    1   12    1]
 [  24   16  783   50   27   17   19   25   57   14]
 [  13   10   32  741    5  106    8   18   55   22]
 [   9    5   21   10  715   13   15   39   30  125]
 [  18   16    8   79   12  661   27    5   41   25]
 [  27    6   17   13   24   30  809    6   19    7]
 [   2   18   47   14   35    6    0  808   21   77]
 [  30   10   55   72   25   53   35   21  625   48]
 [  10    9   15   14  100   17   13   84   21  726]]
