training accuracy : 0.7472666666666666
training confusion matrix : [[4965    7   85  137   97  182  209  105  118   18]
 [   1 5918  114   47   29   48   62  327  129   67]
 [  89  109 4509  204  144   93  139  282  327   62]
 [  97   79  153 4807  123  205  100  171  276  120]
 [  75   77   64   36 3480  105  249  429  151 1176]
 [ 147   79   61  481  190 3606  128  236  312  181]
 [ 122  243  106   67  138   88 4852   94   91  117]
 [  44  101   35   39  227   82    7 5163   58  509]
 [ 118  174  273  428  260  259  134   88 3929  188]
 [  51  253   39  115  700   94   34  908  148 3607]]
test accuracy : 0.6824
test confusion matrix : [[700   2  36  37  34  50  53  33  31   4]
 [  0 995  27   5   4   8  14  44  25  13]
 [ 25  22 717  52  21  25  42  44  72  12]
 [ 28   9  56 700  28  59  18  31  58  23]
 [ 24  15  22  11 497  17  57  80  38 221]
 [ 38  16  12 116  32 489  27  40  84  38]
 [ 26  26  30  21  23  20 758  16  20  18]
 [  3  14  16  10  30  13   3 820  25  94]
 [ 58  19  57  99  58  55  30  21 536  41]
 [ 13  39  11  24 136  15   3 131  25 612]]
