training accuracy : 0.8400666666666666
training confusion matrix : [[5502    3   60   32   20   65   90   70   61   20]
 [   2 6356   51   39   14   31   41   27  124   57]
 [  58   46 5069  146   98   45  121   96  177  102]
 [  36   71  178 4968   31  259   67   56  368   97]
 [  38   35   80   20 4751   28   88  226   82  494]
 [  67   59  103  415   72 4229   99   39  240   98]
 [  75   26   93   32   83  139 5282   53   81   54]
 [  12   70   54   58  295   17   29 5343   30  357]
 [  53  152  162  276   72  295  109   80 4470  182]
 [  14   80   48   85  582   43   39  501  123 4434]]
test accuracy : 0.7385
test confusion matrix : [[ 818    0   34    8    7   34   34   18   21    6]
 [   1 1058   11    5    2    4   11    3   35    5]
 [  18   18  738   48   18   20   41   36   74   21]
 [  23   17   26  702   14   81   17   20   91   19]
 [   9    2   21    9  706   16   28   53   34  104]
 [  22    5   22  122   24  534   31   10   93   29]
 [  31    7   24    9   29   29  784   11   22   12]
 [   7   13   23   19   57    5    4  798   12   90]
 [  14   29   42   85   23   86   20   21  608   46]
 [   1    9   14   20  148   13   18  121   26  639]]
