training accuracy : 0.5413666666666667
training confusion matrix : [[4116   64  211  145  241  230  540   66   36  274]
 [  12 5252  533   32    7   66  569  166   30   75]
 [ 213  227 3805  214  194  101  570  410  194   30]
 [ 324  798  683 2896   49  646  236  243  125  131]
 [  63   88  299  147 2343  172  147  672  386 1525]
 [ 217  273  268  644  462 2220  185   92  135  925]
 [ 854  742  305   76  225   80 3307  135   81  113]
 [  55  198   56   72  221  110   13 3958   42 1540]
 [ 212  596  634  404  633  215  215  318 2305  319]
 [ 114  101   94  146 1269  199   48 1206  492 2280]]
test accuracy : 0.5252
test confusion matrix : [[663   7  46  29  42  35  84  11  12  51]
 [  2 902  80   5   0   7 106  22   6   5]
 [ 39  25 647  47  40  19 111  62  35   7]
 [ 58 127 125 441  13 112  49  41  26  18]
 [ 20  20  50  29 364  24  21 143  59 252]
 [ 43  51  51 118  56 313  44  11  36 169]
 [165  85  56  18  56  14 512  25  12  15]
 [  4  39  11  15  36  27   4 642   6 244]
 [ 48  69 110  50 130  30  43  29 390  75]
 [ 21  16  17  18 224  41   6 193  95 378]]
