training accuracy : 0.9844
training confusion matrix : [[5901    1    3    3    4    4    0    0    5    2]
 [   1 6710   13    5    2    0    2    6    1    2]
 [   4   10 5875    6   16    3    0   26   11    7]
 [   6   11   32 5998    9   23    1   22   12   17]
 [   9    5    3    7 5735    2    1    4    8   68]
 [  14    7    7   24   15 5311    5    4    8   26]
 [  22   10    3    1   15    4 5845    0   18    0]
 [   4    9   18    2   20    2    0 6178    1   31]
 [   3   34    8    7   25    4    6    5 5706   53]
 [  12    8    6   18   37   15    1   37   10 5805]]
test accuracy : 0.8832
test confusion matrix : [[ 922    1    5    8    4   10   11    2    9    8]
 [   2 1097    9    5    1    5    7    2    7    0]
 [  14    8  887   27   11    7   14   26   28   10]
 [   8    9   30  872    6   37    2    8   26   12]
 [   6    3    7    3  863   12   12   11   20   45]
 [  18   10    3   40    7  745   20    7   24   18]
 [  22    6   11    8   17   17  855    0   19    3]
 [   3   13   25   15    6    6    3  932    9   16]
 [  12   11   24   40   21   27   13   11  785   30]
 [  13    2   10   21   34    9    5   15   26  874]]
