training accuracy : 1.0
training confusion matrix : [[5923    0    0    0    0    0    0    0    0    0]
 [   0 6742    0    0    0    0    0    0    0    0]
 [   0    0 5958    0    0    0    0    0    0    0]
 [   0    0    0 6131    0    0    0    0    0    0]
 [   0    0    0    0 5842    0    0    0    0    0]
 [   0    0    0    0    0 5421    0    0    0    0]
 [   0    0    0    0    0    0 5918    0    0    0]
 [   0    0    0    0    0    0    0 6265    0    0]
 [   0    0    0    0    0    0    0    0 5851    0]
 [   0    0    0    0    0    0    0    0    0 5949]]
test accuracy : 0.9673
test confusion matrix : [[ 972    1    1    0    0    2    3    1    0    0]
 [   0 1132    2    0    0    0    1    0    0    0]
 [  13   12  979    3    1    0    2   17    5    0]
 [   0    3    1  975    1   11    1    8    5    5]
 [   1   11    0    0  937    0    5    1    1   26]
 [   4    0    0    7    2  867    6    1    1    4]
 [   6    4    0    0    3    2  943    0    0    0]
 [   0   26    3    0    1    0    0  987    0   11]
 [   6    4    4   11    4    8    3    8  920    6]
 [   4    7    2    8   10    4    1   10    2  961]]
