training accuracy : 0.9763333333333334
training confusion matrix : [[5888    4    3    0    1    5   16    1    1    4]
 [   1 6714    7    1    2    0    2   12    1    2]
 [  35   56 5756   10    5    2    8   71    8    7]
 [   4   15   28 5966    1   38    4   30   22   23]
 [   3   47    1    1 5685    0    9    6    2   88]
 [  13    9    3   44    3 5267   50    4    8   20]
 [  19   11    2    0    5   17 5863    0    1    0]
 [   4   61   10    2   10    1    0 6129    2   46]
 [  15   69   10   56   20   72   23   12 5526   48]
 [  15   12    4   33   36    9    3   45    6 5786]]
test accuracy : 0.9659
test confusion matrix : [[ 972    1    1    0    0    2    3    1    0    0]
 [   0 1132    2    0    0    0    1    0    0    0]
 [  14   13  978    3    1    0    2   16    5    0]
 [   0    3    1  976    1   11    1    8    4    5]
 [   2   11    0    0  936    0    5    1    1   26]
 [   5    0    0    8    2  867    4    1    1    4]
 [   6    4    0    0    3    2  943    0    0    0]
 [   0   27    3    0    1    0    0  986    0   11]
 [   7    4    4   12    6   13    3    8  911    6]
 [   6    7    2   11   10    3    1    9    2  958]]
