training accuracy : 1.0
training confusion matrix : [[5923    0    0    0    0    0    0    0    0    0]
 [   0 6742    0    0    0    0    0    0    0    0]
 [   0    0 5958    0    0    0    0    0    0    0]
 [   0    0    0 6131    0    0    0    0    0    0]
 [   0    0    0    0 5842    0    0    0    0    0]
 [   0    0    0    0    0 5421    0    0    0    0]
 [   0    0    0    0    0    0 5918    0    0    0]
 [   0    0    0    0    0    0    0 6265    0    0]
 [   0    0    0    0    0    0    0    0 5851    0]
 [   0    0    0    0    0    0    0    0    0 5949]]
test accuracy : 0.9691
test confusion matrix : [[ 974    1    1    0    0    1    2    1    0    0]
 [   0 1133    2    0    0    0    0    0    0    0]
 [  11    7  989    2    0    0    2   17    4    0]
 [   0    2    3  973    1   13    1    7    4    6]
 [   2    7    0    0  943    0    4    3    0   23]
 [   4    0    0    9    2  861    6    1    4    5]
 [   5    3    0    0    3    2  945    0    0    0]
 [   0   20    4    0    3    0    0  990    0   11]
 [   7    3    5   12    5   11    5    5  916    5]
 [   3    5    3    7    7    3    1   11    2  967]]
