training accuracy : 0.9770333333333333
training confusion matrix : [[5892    4    4    0    0    5   12    1    1    4]
 [   1 6717    6    0    1    0    2   11    1    3]
 [  38   57 5775   10    7    2    7   51    5    6]
 [   4   16   32 5976    1   34    3   25   19   21]
 [   3   47    1    1 5704    0   11    5    1   69]
 [  12    6    4   54    2 5272   40    6    6   19]
 [  24   13    2    0    5   15 5858    0    1    0]
 [   2   62   13    2   12    1    0 6132    2   39]
 [  16   75   10   55   21   71   24   11 5526   42]
 [  14   10    4   38   40    7    3   56    7 5770]]
test accuracy : 0.967
test confusion matrix : [[ 973    1    1    0    0    1    3    1    0    0]
 [   0 1132    2    0    0    0    1    0    0    0]
 [  13   14  980    2    1    0    2   16    4    0]
 [   0    3    2  976    1   12    1    7    4    4]
 [   2   11    0    0  943    0    5    1    1   19]
 [   5    0    0    9    2  868    4    1    1    2]
 [   6    4    0    0    3    2  943    0    0    0]
 [   0   28    4    0    2    0    0  985    0    9]
 [   6    5    4   14    8   13    3    7  910    4]
 [   7    7    2    7   11    3    1    9    2  960]]
