training accuracy : 0.9819166666666667
training confusion matrix : [[5893    4    2    0    1    4   14    2    1    2]
 [   1 6721    7    0    0    0    1    9    1    2]
 [  24   36 5821   10    7    4    6   41    6    3]
 [   2   12   26 6001    0   34    2   21   17   16]
 [   3   39    1    1 5724    0    6    5    2   61]
 [  13    5    3   35    5 5302   38    3    3   14]
 [  11    9    0    0    4   12 5882    0    0    0]
 [   1   46   10    2    7    0    0 6165    0   34]
 [  15   59   10   40   20   51   14   11 5591   40]
 [  10    6    5   22   34    9    2   39    7 5815]]
test accuracy : 0.9688
test confusion matrix : [[ 974    1    1    0    0    1    2    1    0    0]
 [   0 1133    2    0    0    0    0    0    0    0]
 [  11    8  991    2    1    0    1   15    3    0]
 [   0    3    3  976    1   13    1    6    3    4]
 [   3    7    0    0  944    0    4    2    1   21]
 [   5    0    0   12    2  862    4    1    2    4]
 [   5    3    0    0    3    2  945    0    0    0]
 [   0   22    4    0    3    0    0  988    0   11]
 [   8    3    5   13    6   12    5    5  913    4]
 [   5    7    3    9    7    3    1   10    2  962]]
