training accuracy : 0.97915
training confusion matrix : [[5891    4    3    0    1    5   14    1    1    3]
 [   1 6718    6    0    0    0    2   11    1    3]
 [  27   47 5791    9    7    3    7   56    6    5]
 [   2   11   32 5983    1   34    4   26   18   20]
 [   3   45    1    1 5696    0   10    5    1   80]
 [  11    5    5   40    5 5287   42    4    5   17]
 [  16   11    0    0    5   15 5871    0    0    0]
 [   2   52    9    2    8    1    0 6146    2   43]
 [  13   62    9   45   18   60   21   12 5571   40]
 [  12    9    4   28   34   10    2   47    8 5795]]
test accuracy : 0.9694
test confusion matrix : [[ 974    1    1    0    0    1    2    1    0    0]
 [   0 1133    2    0    0    0    0    0    0    0]
 [  11    8  988    2    1    0    2   16    4    0]
 [   0    3    2  976    1   12    1    7    4    4]
 [   1    8    0    0  945    0    5    1    1   21]
 [   5    0    0    8    2  866    4    1    2    4]
 [   6    3    0    0    3    2  944    0    0    0]
 [   0   25    3    0    1    0    0  989    0   10]
 [   6    4    6   11    7   12    1    6  916    5]
 [   5    6    3    6    8    4    1   11    2  963]]
