training accuracy : 0.97965
training confusion matrix : [[5896    3    2    0    1    5   12    1    1    2]
 [   1 6720    6    1    1    0    1    9    1    2]
 [  31   48 5807    8    7    3    5   39    5    5]
 [   3   13   34 5994    0   29    3   20   17   18]
 [   3   45    1    1 5730    0    8    6    1   47]
 [  13    6    4   51    5 5286   32    4    4   16]
 [  19   11    1    0    4   19 5863    0    1    0]
 [   1   55   12    2   12    1    0 6153    2   27]
 [  13   64    9   52   22   64   19   10 5562   36]
 [  12    7    5   31   49    8    3   59    7 5768]]
test accuracy : 0.9677
test confusion matrix : [[ 975    1    1    0    0    1    1    1    0    0]
 [   0 1132    2    0    0    0    1    0    0    0]
 [  12   11  985    2    1    0    2   15    4    0]
 [   0    3    3  978    1   10    1    8    3    3]
 [   2    7    0    0  953    0    4    1    1   14]
 [   6    0    0   14    2  862    3    1    1    3]
 [   6    4    0    0    3    2  943    0    0    0]
 [   0   26    4    0    2    0    0  987    0    9]
 [   7    4    5   16    8   12    5    6  906    5]
 [   6    7    3    7   12    3    1   12    2  956]]
