training accuracy : 1.0
training confusion matrix : [[5923    0    0    0    0    0    0    0    0    0]
 [   0 6742    0    0    0    0    0    0    0    0]
 [   0    0 5958    0    0    0    0    0    0    0]
 [   0    0    0 6131    0    0    0    0    0    0]
 [   0    0    0    0 5842    0    0    0    0    0]
 [   0    0    0    0    0 5421    0    0    0    0]
 [   0    0    0    0    0    0 5918    0    0    0]
 [   0    0    0    0    0    0    0 6265    0    0]
 [   0    0    0    0    0    0    0    0 5851    0]
 [   0    0    0    0    0    0    0    0    0 5949]]
test accuracy : 0.97
test confusion matrix : [[ 974    1    1    0    0    1    2    1    0    0]
 [   0 1133    2    0    0    0    0    0    0    0]
 [  11    7  988    2    1    0    2   17    4    0]
 [   0    3    2  973    1   13    1    8    5    4]
 [   1    6    0    0  945    0    5    2    1   22]
 [   5    0    0    6    2  867    5    1    2    4]
 [   6    3    0    0    3    2  944    0    0    0]
 [   0   24    3    0    1    0    0  990    0   10]
 [   6    3    4   12    6    8    3    5  921    6]
 [   5    6    3    5    8    4    1   10    2  965]]
