training accuracy : 0.9857333333333334
training confusion matrix : [[5923    0    0    0    0    0    0    0    0    0]
 [   1 6741    0    0    0    0    0    0    0    0]
 [  33   30 5895    0    0    0    0    0    0    0]
 [   4    6   29 6092    0    0    0    0    0    0]
 [   3   30    1    1 5807    0    0    0    0    0]
 [  13    5    5   58    6 5334    0    0    0    0]
 [  24    9    2    1    5   20 5857    0    0    0]
 [   1   43   18    4   13    0    0 6186    0    0]
 [  20   48   14   72   24   69   20   13 5571    0]
 [  14    7    3   24   74   11    3   67    8 5738]]
test accuracy : 0.9627
test confusion matrix : [[ 976    1    1    0    0    1    0    1    0    0]
 [   0 1133    2    0    0    0    0    0    0    0]
 [  11   10  995    1    2    0    0   12    1    0]
 [   1    1    8  981    1    9    0    6    2    1]
 [   3    7    0    0  959    0    2    3    0    8]
 [   6    2    0   25    2  850    2    1    1    3]
 [   7    3    0    0    5    4  939    0    0    0]
 [   0   29    8    2    3    0    0  981    0    5]
 [  10    2    8   28    9   29    4    5  876    3]
 [   6    6    3    9   19    4    1   22    2  937]]
