training accuracy : 0.975
training confusion matrix : [[5892    4    4    0    0    5   12    1    1    4]
 [   1 6712    8    1    3    0    1   12    1    3]
 [  37   65 5744   10    7    3    7   72    7    6]
 [   4   17   30 5967    1   36    2   30   22   22]
 [   3   51    1    1 5692    0   10    6    2   76]
 [  12    9    3   52    6 5262   44    6    6   21]
 [  23   15    2    0    4   22 5851    0    1    0]
 [   2   67   12    2   10    1    0 6125    1   45]
 [  17   79   11   64   23   74   24   13 5494   52]
 [  14   13    4   40   41    9    3   57    7 5761]]
test accuracy : 0.9665
test confusion matrix : [[ 972    1    1    0    0    2    3    1    0    0]
 [   0 1132    2    0    0    0    1    0    0    0]
 [  13   12  982    2    1    0    2   17    3    0]
 [   0    3    3  976    1   10    1    7    6    3]
 [   2   11    0    0  940    0    4    1    1   23]
 [   4    0    0   12    1  863    6    1    1    4]
 [   6    4    0    0    3    2  943    0    0    0]
 [   0   27    4    0    2    0    0  983    0   12]
 [   6    4    5   11    7    9    4    7  914    7]
 [   7    6    3    7   10    3    1   10    2  960]]
