training accuracy : 0.9829833333333333
training confusion matrix : [[5910    2    2    0    0    4    3    1    1    0]
 [   1 6727    5    0    1    0    0    5    1    2]
 [  30   42 5839    6    2    1    2   29    4    3]
 [   3   10   27 6029    0   18    1   18   12   13]
 [   4   40    2    1 5758    0    5    2    1   29]
 [  14    5    5   44    5 5317   22    0    2    7]
 [  19   11    1    0    5   12 5869    0    1    0]
 [   3   49   13    2   13    0    0 6162    2   21]
 [  15   62   11   47   24   49   20    8 5588   27]
 [  12    7    4   21   47    6    3   60    9 5780]]
test accuracy : 0.9682
test confusion matrix : [[ 976    1    1    0    0    1    0    1    0    0]
 [   0 1133    2    0    0    0    0    0    0    0]
 [  11    8  993    1    1    0    0   16    2    0]
 [   0    2    5  979    1   10    1    7    2    3]
 [   3    9    0    0  952    0    4    1    0   13]
 [   4    0    0   17    2  862    5    1    0    1]
 [   6    3    0    0    4    3  942    0    0    0]
 [   0   23    5    0    5    0    0  988    0    7]
 [   9    3    5   16    6   19    5    5  902    4]
 [   4    6    3    6   13    4    1   16    1  955]]
