training accuracy : 1.0
training confusion matrix : [[5923    0    0    0    0    0    0    0    0    0]
 [   0 6742    0    0    0    0    0    0    0    0]
 [   0    0 5958    0    0    0    0    0    0    0]
 [   0    0    0 6131    0    0    0    0    0    0]
 [   0    0    0    0 5842    0    0    0    0    0]
 [   0    0    0    0    0 5421    0    0    0    0]
 [   0    0    0    0    0    0 5918    0    0    0]
 [   0    0    0    0    0    0    0 6265    0    0]
 [   0    0    0    0    0    0    0    0 5851    0]
 [   0    0    0    0    0    0    0    0    0 5949]]
test accuracy : 0.9691
test confusion matrix : [[ 973    1    1    0    0    1    3    1    0    0]
 [   0 1129    3    0    1    1    1    0    0    0]
 [   7    6  992    5    1    0    2   16    3    0]
 [   0    1    2  970    1   19    0    7    7    3]
 [   0    7    0    0  944    0    3    5    1   22]
 [   1    1    0   12    2  860    5    1    6    4]
 [   4    2    0    0    3    5  944    0    0    0]
 [   0   14    6    2    4    0    0  992    0   10]
 [   6    1    3   14    5   13    3    4  920    5]
 [   2    5    1    6   10    5    1   11    1  967]]
