training accuracy : 1.0
training confusion matrix : [[5923    0    0    0    0    0    0    0    0    0]
 [   0 6742    0    0    0    0    0    0    0    0]
 [   0    0 5958    0    0    0    0    0    0    0]
 [   0    0    0 6131    0    0    0    0    0    0]
 [   0    0    0    0 5842    0    0    0    0    0]
 [   0    0    0    0    0 5421    0    0    0    0]
 [   0    0    0    0    0    0 5918    0    0    0]
 [   0    0    0    0    0    0    0 6265    0    0]
 [   0    0    0    0    0    0    0    0 5851    0]
 [   0    0    0    0    0    0    0    0    0 5949]]
test accuracy : 0.9717
test confusion matrix : [[ 974    1    1    0    0    1    2    1    0    0]
 [   0 1133    2    0    0    0    0    0    0    0]
 [   9    7  997    2    0    0    1   14    2    0]
 [   0    1    4  975    1   13    1    7    4    4]
 [   0    5    0    0  948    0    5    4    1   19]
 [   4    1    0   12    2  860    5    1    3    4]
 [   4    3    0    0    4    3  944    0    0    0]
 [   0   18    4    0    2    0    0  994    0   10]
 [   7    0    3   13    5   11    3    4  923    5]
 [   3    4    2    7    9    4    1    8    2  969]]
