training accuracy : 1.0
training confusion matrix : [[5923    0    0    0    0    0    0    0    0    0]
 [   0 6742    0    0    0    0    0    0    0    0]
 [   0    0 5958    0    0    0    0    0    0    0]
 [   0    0    0 6131    0    0    0    0    0    0]
 [   0    0    0    0 5842    0    0    0    0    0]
 [   0    0    0    0    0 5421    0    0    0    0]
 [   0    0    0    0    0    0 5918    0    0    0]
 [   0    0    0    0    0    0    0 6265    0    0]
 [   0    0    0    0    0    0    0    0 5851    0]
 [   0    0    0    0    0    0    0    0    0 5949]]
test accuracy : 0.9706
test confusion matrix : [[ 973    1    1    0    0    1    3    1    0    0]
 [   0 1132    2    0    0    0    1    0    0    0]
 [  11    9  986    2    1    0    2   17    4    0]
 [   0    3    1  974    1   14    1    8    4    4]
 [   1    8    0    0  946    0    5    1    1   20]
 [   4    0    0    4    2  870    5    1    2    4]
 [   6    3    0    0    3    2  944    0    0    0]
 [   0   24    3    0    1    0    0  989    0   11]
 [   6    2    4   12    5    7    3    6  924    5]
 [   4    6    2    7    7    4    1    8    2  968]]
