training accuracy : 1.0
training confusion matrix : [[5923    0    0    0    0    0    0    0    0    0]
 [   0 6742    0    0    0    0    0    0    0    0]
 [   0    0 5958    0    0    0    0    0    0    0]
 [   0    0    0 6131    0    0    0    0    0    0]
 [   0    0    0    0 5842    0    0    0    0    0]
 [   0    0    0    0    0 5421    0    0    0    0]
 [   0    0    0    0    0    0 5918    0    0    0]
 [   0    0    0    0    0    0    0 6265    0    0]
 [   0    0    0    0    0    0    0    0 5851    0]
 [   0    0    0    0    0    0    0    0    0 5949]]
test accuracy : 0.9709
test confusion matrix : [[ 974    1    1    0    0    1    2    1    0    0]
 [   0 1131    2    0    0    0    2    0    0    0]
 [  10    6  992    2    1    0    2   15    4    0]
 [   0    3    1  976    1   13    1    8    2    5]
 [   1    6    0    0  951    0    4    2    1   17]
 [   5    0    0    6    2  865    5    1    3    5]
 [   5    3    0    0    3    2  945    0    0    0]
 [   0   20    3    0    1    0    0  993    0   11]
 [   6    3    5   13    7    8    3    5  918    6]
 [   4    5    3    7    7    3    1   13    2  964]]
