training accuracy : 1.0
training confusion matrix : [[5923    0    0    0    0    0    0    0    0    0]
 [   0 6742    0    0    0    0    0    0    0    0]
 [   0    0 5958    0    0    0    0    0    0    0]
 [   0    0    0 6131    0    0    0    0    0    0]
 [   0    0    0    0 5842    0    0    0    0    0]
 [   0    0    0    0    0 5421    0    0    0    0]
 [   0    0    0    0    0    0 5918    0    0    0]
 [   0    0    0    0    0    0    0 6265    0    0]
 [   0    0    0    0    0    0    0    0 5851    0]
 [   0    0    0    0    0    0    0    0    0 5949]]
test accuracy : 0.9684
test confusion matrix : [[ 972    1    1    0    0    2    3    1    0    0]
 [   0 1132    2    0    0    0    1    0    0    0]
 [  13   10  983    2    1    0    2   17    4    0]
 [   0    3    1  975    1   12    1    7    5    5]
 [   1   11    0    0  940    0    4    1    1   24]
 [   4    0    0    4    2  868    6    1    1    6]
 [   6    4    0    0    3    2  943    0    0    0]
 [   0   25    3    0    1    0    0  987    0   12]
 [   6    4    4   10    6    8    3    6  919    8]
 [   5    6    3    5    8    4    1   10    2  965]]
