training accuracy : 0.9867166666666667
training confusion matrix : [[5905    3    2    0    0    4    6    0    1    2]
 [   0 6729    5    0    1    0    0    5    1    1]
 [  22   21 5867    4    1    2    3   33    3    2]
 [   4    6   21 6030    0   27    0   19   13   11]
 [   6   30    1    1 5749    0    6    4    2   43]
 [  10    1    6   21    4 5338   32    0    2    7]
 [  14    6    0    0    3    2 5893    0    0    0]
 [   1   34    9    1    5    1    0 6184    2   28]
 [  14   40   13   35   17   27    9    9 5659   28]
 [  10    4    2   16   25    6    2   30    5 5849]]
test accuracy : 0.9705
test confusion matrix : [[ 974    1    1    0    0    1    2    1    0    0]
 [   0 1133    2    0    0    0    0    0    0    0]
 [  10    9  996    2    0    0    0   13    2    0]
 [   0    2    4  976    1   13    1    7    3    3]
 [   1    6    0    0  950    0    4    2    0   19]
 [   6    1    0   11    2  859    5    1    3    4]
 [   5    3    0    0    3    3  944    0    0    0]
 [   0   21    5    0    1    0    0  991    0   10]
 [   8    2    4   16    8   11    3    4  914    4]
 [   4    5    2    8    9    2    1    8    2  968]]
