training accuracy : 0.25745
training confusion matrix : [[2937  977    8   17  645    0  250  207  602  280]
 [  10 6658   12    6    0    0    1   41   14    0]
 [ 854 3737  203   84  161    0  404  196  224   95]
 [  55 4417   56  819   64    0  195  388  109   28]
 [ 222 3753    1    1  664    0  424  138  178  461]
 [ 134 4145   26  170   23    1  203  476  131  112]
 [ 548 4286    6    3    0    0  972   43   44   16]
 [  28 3854    0    4   28    0  138 1619  413  181]
 [ 521 3010    6    7  116    0   68 1084  968   71]
 [ 144 4402    0    7  161    0   22  317  290  606]]
test accuracy : 0.2598
test confusion matrix : [[ 498  177    2    2   93    0   41   25   98   44]
 [   1 1112    3    1    0    0    2   12    4    0]
 [ 124  678   29   21   28    0   52   40   41   19]
 [   7  762    2  136    8    0   26   56   10    3]
 [  40  660    0    0  123    0   61   17   20   61]
 [  23  697    8   27    0    0   20   88   20    9]
 [  99  633    0    0    1    0  200   12    5    8]
 [   9  660    1    1    3    0   18  261   53   22]
 [ 105  528    0    1   11    0    9  168  150    2]
 [  24  772    0    0   32    0    2   39   51   89]]
