training accuracy : 0.9967833333333334
training confusion matrix : [[5920    0    0    0    1    0    0    0    0    2]
 [   0 6742    0    0    0    0    0    0    0    0]
 [   0    0 5955    0    1    0    0    1    0    1]
 [   0    1    0 6129    0    0    0    1    0    0]
 [   0    1    1    0 5756    0    0    2    0   82]
 [   0    1    0    0    0 5419    0    0    0    1]
 [   0    0    0    0    0    0 5918    0    0    0]
 [   0    1    0    0    3    0    0 6204    0   57]
 [   0    2    0    0    2    0    0    0 5843    4]
 [   0    1    0    0   10    0    0   17    0 5921]]
test accuracy : 0.7212
test confusion matrix : [[ 814    0   43   11   15   39   27    8   13   10]
 [   0 1067   13    9    5    4   12   10   10    5]
 [  36   10  710   94   35   27   38   24   45   13]
 [  23   27   78  647   13   71   14   35   71   31]
 [  10    6   37   29  627   15   17   51   40  150]
 [  39   13   15   83   28  567   44   16   75   12]
 [  37    7   37   23   24   35  752    9   24   10]
 [   6   12   30   22   55   13    2  778   21   89]
 [  27    8   57   85   57   56   29   32  584   39]
 [   8    7   16   22  120   23    7   89   51  666]]
