training accuracy : 0.7865
training confusion matrix : [[5229   16   61   69   75   64   94   17  243   55]
 [   3 6160  109   15    7   33   48   31   98  238]
 [  96  155 4846  106  102   37  176   60  308   72]
 [  57  380  225 4390   20  226   82  355  147  249]
 [  24  358   71   21 4275   53   36  397   64  543]
 [  56  312   90  440   51 3986  156   67  110  153]
 [  85   95  192   49   46   86 5287    9   57   12]
 [  10  940   64   14  103    6    7 4703  114  304]
 [ 138  340  255  298   73  149  118  168 4185  127]
 [  33  411   29   63  465   72   24  623  100 4129]]
test accuracy : 0.6591
test confusion matrix : [[774   2  18  17  12  29  45   6  66  11]
 [  2 993  35   5   2  13  14   5  25  41]
 [ 37  36 677  44  23  25  49  23 104  14]
 [ 21  57  55 591  13  94  19  67  39  54]
 [ 14  43  22  10 586  20  25  87  42 133]
 [ 30  61  27 134   9 478  53  24  46  30]
 [ 37  21  46  19  17  31 761   2  17   7]
 [  7 179  27  12  37   4   0 639  42  81]
 [ 53  64  54  72  34  61  25  41 537  33]
 [ 14  70  11  18 117  36   7 149  32 555]]
