training accuracy : 0.37606666666666666
training confusion matrix : [[2710  304  178  175 1862  117  128   35  414    0]
 [  41 6532  103    1   36    1   21    4    3    0]
 [ 413  888 2195  120 1483   28  577  157   96    1]
 [ 246  895  385 1408 2439  139  157  220  242    0]
 [ 504  575   52  102 3307    3   19  974  304    2]
 [ 897 1230  185  249 1904  212   60  133  549    2]
 [ 859  417  347    5 1552    7 2567  138   26    0]
 [1261  910   92  336  953   34    0 2586   93    0]
 [1072 1873  193  232 1139  151   21  134 1036    0]
 [1059  834   42  249 2325    4    0 1029  396   11]]
test accuracy : 0.3659
test confusion matrix : [[ 382   50   28   24  360   24   31    4   77    0]
 [   7 1108    7    1   10    0    1    1    0    0]
 [  81  168  356   23  253    3  105   24   18    1]
 [  40  131   39  218  458   41   19   35   29    0]
 [  98   76    3   19  520    0    5  195   66    0]
 [ 171  167   29   33  332   38    9   17   96    0]
 [ 145   61   45    0  233    1  429   33   11    0]
 [ 200  147   16   66  160    9    0  412   18    0]
 [ 188  212   25   41  245   24    8   35  195    1]
 [ 153   99    7   35  473    3    0  168   70    1]]
