training accuracy : 0.6377166666666667
training confusion matrix : [[4865   86   81   54   91  301  136   93   54  162]
 [ 108 5910   52  172   87   27   95  117  127   47]
 [ 158  207 3865  204  327   96  234  288  287  292]
 [ 384  408  489 2879  166  244  400  120  641  400]
 [  81   97   74   79 2795   95  262  229  150 1980]
 [ 558  472   77  333  184 2248  447  115  209  778]
 [ 453  335  123  177  121   94 4435   37   56   87]
 [  56  224  158  247  156   90  102 3866  211 1155]
 [ 220  337  349  379  215  228  402  157 3056  508]
 [  76   51   48  191  320   93  185  427  214 4344]]
test accuracy : 0.5996
test confusion matrix : [[ 781   14   13    7   15   61   20   29   22   18]
 [  11 1001    6   29   18    4   11   16   33    6]
 [  37   46  601   58   43   23   61   46   74   43]
 [  57   63   97  422   26   55   78   25  134   53]
 [  12   16   24   14  425   25   44   47   36  339]
 [  94   56   23   84   37  308   69   27   62  132]
 [  72   28   33   31   46   18  691    6   14   19]
 [   9   36   43   51   38   16   14  601   40  180]
 [  36   45   76   88   41   52   68   31  446   91]
 [  21    9    9   30   58   17   22   84   39  720]]
