training accuracy : 0.30788333333333334
training confusion matrix : [[4577   89  123    7   46   28   13  916   24  100]
 [ 256 4465   18    3    6   95    6 1603  290    0]
 [2173  771 1954  110  176   26   70  231  375   72]
 [3992  252  230  351    5  212   35  724  163  167]
 [1787 2688   60    4  428  168   32  305   19  351]
 [2870  708  119   34   11  514    7  710  239  209]
 [4036  814  260   48  191   33  177  314    4   41]
 [ 482  792   25    0   44   11    0 4669   21  221]
 [2455 1992  114   22  250   64   10  108  655  181]
 [1499 2410   38    0  139  406    0  766    8  683]]
test accuracy : 0.3042
test confusion matrix : [[792   4   8   0   8   1   2 148   2  15]
 [ 51 731   1   0   1  11   0 287  53   0]
 [380 143 349  24  24   4  11  34  55   8]
 [673  29  51  68   0  37  10  95  22  25]
 [288 471  11   1  65  27   7  55   3  54]
 [496 115  14   3   1  67   0 120  38  38]
 [698  89  47   5  28   6  32  44   1   8]
 [ 74 147   5   1  12   2   0 752   9  26]
 [478 302  21   1  33   9   2  23  66  39]
 [267 417   8   1  30  70   0  96   0 120]]
