training accuracy : 0.96075
training confusion matrix : [[5862    0   24    2    0   16    7    0    5    7]
 [   1 6629   16   11    4    3   21   15    9   33]
 [   1   15 5867    6   21    1   20    2   11   14]
 [   5   29   21 5957   12   35   12    2   24   34]
 [   5   11    6    8 5186    4   23   15   20  564]
 [   9    5    7   64   37 5180   25    6   20   68]
 [   8   23   18   11    8   20 5756    1   12   61]
 [   2  113   16    6   30    2    2 5973    7  114]
 [  15   47   11   36   30   32   34    9 5560   77]
 [   5   22    1   26  126   19    7   30   38 5675]]
test accuracy : 0.7112
test confusion matrix : [[ 783    0   26   22   18   33   52   11   25   10]
 [   0 1069    8    4    2    7   10    4   21   10]
 [  22   17  742   56   34   26   37   25   53   20]
 [  26   20   55  659   12   84   26   26   79   23]
 [  16   10   35   13  614   28   35   31   35  165]
 [  36    9   19  110   50  504   30    8   93   33]
 [  57    6   47   17   48   40  700    5   21   17]
 [   5   20   35   22   45   15    6  790   24   66]
 [  35   20   65   80   51   92   25   20  532   54]
 [  13    3   14   28   97   34    6   63   32  719]]
