training accuracy : 0.3667666666666667
training confusion matrix : [[5691   12   15   66    3   19    2    0   34   81]
 [  32 6059   42  219    0   63    5    0   77  245]
 [1985 1314 1390  179   45   34  147    0  262  602]
 [1210  317  505 2326   86  123   34    0  319 1211]
 [1907 1834  310  132  347   85   29    0  107 1091]
 [1759  565  222  640   46  800  104    0  285 1000]
 [1725 1110  192  342   13   86 1428    0  290  732]
 [4484  963    7   36   11   18   10    0   15  721]
 [ 257 1834  584  491   88  148  150    0 1664  635]
 [1193 1560  209  312  104   85   20    0  165 2301]]
test accuracy : 0.3782
test confusion matrix : [[ 955    1    3    9    0    2    0    0    2    8]
 [   2 1035    7   28    0   11    1    0    8   43]
 [ 318  244  223   36    7    6   24    0   69  105]
 [ 209   51   71  396   14   10    0    0   59  200]
 [ 315  296   48   17   52   18   10    0   13  213]
 [ 272   89   32  120   12  135   14    0   60  158]
 [ 300  148   30   48    5    7  263    0   47  110]
 [ 722  176    0    4    1    1    1    0    1  122]
 [  50  236  110  106   15   29   29    0  303   96]
 [ 184  271   25   49   17    5    1    0   37  420]]
