training accuracy : 0.5940666666666666
training confusion matrix : [[3700  778   78  160  126  130  402  148  378   23]
 [   6 6414   32   43   12   17   21   36  117   44]
 [ 375  587 3357  130  629   42  171  198  442   27]
 [ 233  820  198 3443  247  278  121  332  178  281]
 [ 149  164  229  163 3378  134  609  242  169  605]
 [ 204  710  109  879  262 2167  251  168  421  250]
 [ 150  132  163  127  729   85 4316   20  193    3]
 [  34 1480  114   40  177  174   17 3750   39  440]
 [ 390 1266  193  252  522  148  128  377 2273  302]
 [ 103  484   87  183  991  229  136  630  260 2846]]
test accuracy : 0.5664
test confusion matrix : [[ 612  103   21   23   16   20   94   31   56    4]
 [   0 1084    0    8    4    4    4   10   17    4]
 [  71  128  515   34  119    8   42   36   79    0]
 [  46  135   39  545   45   46   21   58   31   44]
 [  27   21   48   29  545   22   86   40   46  118]
 [  32  123   24  160   38  307   42   28   83   55]
 [  31   13   37   20  104   14  703    4   31    1]
 [  11  259   23    7   28   32    8  569    4   87]
 [  78  220   46   44   89   35   31   75  300   56]
 [  17   66   18   44  159   28   20  124   49  484]]
