training accuracy : 0.16998333333333332
training confusion matrix : [[5342    0    0    0  581    0    0    0    0    0]
 [2999    0    0    0 3743    0    0    0    0    0]
 [3562    0    0    0 2396    0    0    0    0    0]
 [5037    0    0    0 1094    0    0    0    0    0]
 [ 985    0    0    0 4857    0    0    0    0    0]
 [4092    0    0    0 1329    0    0    0    0    0]
 [1319    0    0    0 4599    0    0    0    0    0]
 [2123    0    0    0 4142    0    0    0    0    0]
 [4633    0    0    0 1218    0    0    0    0    0]
 [1136    0    0    0 4813    0    0    0    0    0]]
test accuracy : 0.1686
test confusion matrix : [[857   0   0   0 123   0   0   0   0   0]
 [462   0   0   0 673   0   0   0   0   0]
 [668   0   0   0 364   0   0   0   0   0]
 [852   0   0   0 158   0   0   0   0   0]
 [153   0   0   0 829   0   0   0   0   0]
 [654   0   0   0 238   0   0   0   0   0]
 [210   0   0   0 748   0   0   0   0   0]
 [368   0   0   0 660   0   0   0   0   0]
 [758   0   0   0 216   0   0   0   0   0]
 [159   0   0   0 850   0   0   0   0   0]]
