training accuracy : 0.24933333333333332
training confusion matrix : [[4217    0   17    0    0   21   51    0  349 1268]
 [ 250    0    6    1    0   10   29    1 2579 3866]
 [1016    0  335   15    0   43  111    0 3610  828]
 [ 152    0    8   87    0   10   36    2 2445 3391]
 [  32    0   11    0    0    1   23    2  637 5136]
 [ 667    0   26    1    0  314  109    0 1704 2600]
 [ 774    0   52    0    0   51  563    0 3643  835]
 [ 149    0    7    0    0    3    6   24  996 5080]
 [ 300    0    3    0    0   24   19    0 4025 1480]
 [  57    0    1    0    0    0    2    1  493 5395]]
test accuracy : 0.2547
test confusion matrix : [[746   0   5   0   0   1  16   0  28 184]
 [ 28   0   0   0   0   1   2   0 427 677]
 [155   0  54   0   0   3  11   0 678 131]
 [ 26   0   1  13   0   3  10   0 433 524]
 [  1   0   3   0   0   0   2   1  97 878]
 [108   0   5   1   0  47  11   1 286 433]
 [117   0   9   0   0   8  77   0 599 148]
 [ 19   0   1   0   0   0   1   1 190 816]
 [ 60   0   0   0   0   3   5   0 683 223]
 [ 17   0   0   0   0   0   0   0  66 926]]
