training accuracy : 0.4067
training confusion matrix : [[4774  250   76   80  108   59  461   10   13   92]
 [ 158 6235   13   75   61    4  136    5   44   11]
 [1166 1418 2044  643  107   23  488   10   45   14]
 [2818  761  400 1594  155  116  137   27   73   50]
 [1754  717   76   17 1903   57  135  107   45 1031]
 [2507 1155   88  189  168  808  116   85  128  177]
 [1638  594  143  107  101   46 3166    0   10  113]
 [ 680 2688    9   32  458   21    0 1192    8 1177]
 [2223 1658  237  234  274  102  186   60  721  156]
 [1792 1022    3   24  922    7    2  184   28 1965]]
test accuracy : 0.4053
test confusion matrix : [[ 792   35   21   14   16   16   66    3    7   10]
 [  28 1044    3   18    3    0   27    0   12    0]
 [ 202  229  329  154   13   10   79    2   10    4]
 [ 455  104   73  273   21   20   27   14   20    3]
 [ 310  110    6    1  328    8   28   17   10  164]
 [ 443  162   13   34   23  120   18   17   22   40]
 [ 250   72   32   26   29   10  518    0    2   19]
 [ 103  441    0    9   71    5    0  208    0  191]
 [ 420  213   38   52   56   33   28   10   94   30]
 [ 342  115    1    5  163    2    0   30    4  347]]
