training accuracy : 0.11236666666666667
training confusion matrix : [[   0 5923    0    0    0    0    0    0    0    0]
 [   0 6742    0    0    0    0    0    0    0    0]
 [   0 5958    0    0    0    0    0    0    0    0]
 [   0 6131    0    0    0    0    0    0    0    0]
 [   0 5842    0    0    0    0    0    0    0    0]
 [   0 5421    0    0    0    0    0    0    0    0]
 [   0 5918    0    0    0    0    0    0    0    0]
 [   0 6265    0    0    0    0    0    0    0    0]
 [   0 5851    0    0    0    0    0    0    0    0]
 [   0 5949    0    0    0    0    0    0    0    0]]
test accuracy : 0.1135
test confusion matrix : [[   0  980    0    0    0    0    0    0    0    0]
 [   0 1135    0    0    0    0    0    0    0    0]
 [   0 1032    0    0    0    0    0    0    0    0]
 [   0 1010    0    0    0    0    0    0    0    0]
 [   0  982    0    0    0    0    0    0    0    0]
 [   0  892    0    0    0    0    0    0    0    0]
 [   0  958    0    0    0    0    0    0    0    0]
 [   0 1028    0    0    0    0    0    0    0    0]
 [   0  974    0    0    0    0    0    0    0    0]
 [   0 1009    0    0    0    0    0    0    0    0]]
